<?xml version="1.0" encoding="UTF-8"?>
<!-- Generated by org.testng.reporters.JUnitReportReporter -->
<testsuite hostname="Rajiv-PC" name="com.w2a.testcases.LoginTest" tests="1" failures="0" timestamp="14 Sep 2020 18:58:17 GMT" time="2.119" errors="0">
  <testcase name="loginAsBankManager" time="2.119" classname="com.w2a.testcases.LoginTest"/>
</testsuite> <!-- com.w2a.testcases.LoginTest -->
