<?xml version="1.0" encoding="UTF-8"?>
<!-- Generated by org.testng.reporters.JUnitReportReporter -->
<testsuite hostname="Rajiv-PC" name="com.w2a.testcases.BankManagerLoginTest" tests="1" failures="0" timestamp="26 Sep 2020 10:17:10 GMT" time="2.220" errors="0">
  <testcase name="loginAsBankManager" time="2.220" classname="com.w2a.testcases.BankManagerLoginTest"/>
</testsuite> <!-- com.w2a.testcases.BankManagerLoginTest -->
